make all --print-data-base --no-builtin-variables --no-builtin-rules --question
# GNU Make 3.81
# Copyright (C) 2006  Free Software Foundation, Inc.
# This is free software; see the source for copying conditions.
# There is NO warranty; not even for MERCHANTABILITY or FITNESS FOR A
# PARTICULAR PURPOSE.

# This program built for i386-apple-darwin11.3.0
 
make: *** No rule to make target `all'.  Stop.


# Make data base, printed on Tue Jul 19 17:18:39 2022

# Variables

# automatic
<D = $(patsubst %/,%,$(dir $<))
# automatic
?F = $(notdir $?)
# environment
ELECTRON_NO_ATTACH_CONSOLE = 1
# automatic
?D = $(patsubst %/,%,$(dir $?))
# automatic
 
@D = $(patsubst %/,%,$(dir $@))
# automatic
@F = $(notdir $@)
# environment
ZNT_REPO_DIR = /Users/ar4mirez/.oh-my-zsh/plugins/zsh-navigation-tools
# makefile
CURDIR := /Users/ar4mirez/Library/CloudStorage/OneDrive-Cuemby/Code/github.com/cuemby/pulumi-equinix
# makefile (from `Makefile', line 3)
SHELL := /bin/bash
# environment
FZF_DEFAULT_COMMAND = fd --type f --hidden --exclude .git
# environment
VSCODE_NLS_CONFIG = {"locale":"en-us","availableLanguages":{},"_languagePackSupport":true}
# environment
_ = /usr/bin/make
# makefile (from `Makefile', line 9)
PROVIDER_PATH := provider
# environment
STARSHIP_SESSION_KEY = 3061974381240529
# makefile (from `Makefile', line 16)
TESTPARALLELISM := 4
# environment
GO111MODULE = on
# environment
VSCODE_AMD_ENTRYPOINT = vs/workbench/api/node/extensionHostProcess
# makefile (from `Makefile', line 14)
VERSION := 0.0.1-alpha.1658254098+fbbea5a6.dirty
# makefile (from `Makefile', line 21)
EMPTY_TO_AVOID_SED := ""
# environment
__CFBundleIdentifier = com.microsoft.VSCode
# environment
INFOPATH = /usr/local/share/info:/usr/local/share/info:/usr/local/share/info:/usr/local/share/info:/usr/local/share/info:/usr/local/share/info:/usr/local/share/info:
# environment
VSCODE_CWD = /Users/ar4mirez/Library/CloudStorage/OneDrive-Cuemby/Code/github.com/cuemby
# environment
GOPROXY = https://proxy.golang.org,direct
# environment
ALACRITTY_SOCKET = /var/folders/0n/5tn5yx453ggbyy3dzn0dxmm00000gn/T/Alacritty-9433.sock
# environment
PATH = /Users/ar4mirez/.asdf/shims:/usr/local/opt/asdf/libexec/bin:/usr/local/bin:/usr/local/sbin:/usr/local/bin:/usr/local/bin:/usr/bin:/bin:/usr/sbin:/sbin:/usr/local/share/dotnet:~/.dotnet/tools:/Library/Apple/usr/bin:/usr/local/sbin:/Users/ar4mirez/bin:/Users/ar4mirez//Users/ar4mirez/.asdf/installs/rust/1.61.0/bin:/usr/local/opt/fzf/bin:/Users/ar4mirez/bin:/Users/ar4mirez/go/bin:/Users/ar4mirez//Users/ar4mirez/.asdf/installs/rust/1.61.0/bin
# environment
LSCOLORS = Gxfxcxdxbxegedabagacad
# makefile (from `Makefile', line 6)
PROJECT := github.com/cuemby/pulumi-equinix
# makefile (from `Makefile', line 12)
TFGEN := pulumi-tfgen-equinix
# makefile (from `Makefile', line 1)
MAKEFILE_LIST :=  Makefile
# environment
ALACRITTY_LOG = /var/folders/0n/5tn5yx453ggbyy3dzn0dxmm00000gn/T/Alacritty-9433.log
# environment
GOPATH = /Users/ar4mirez/go
# environment
ELECTRON_RUN_AS_NODE = 1
# default
.FEATURES := target-specific order-only second-expansion else-if archives jobserver check-symlink
# environment
SSH_AUTH_SOCK = /var/folders/0n/5tn5yx453ggbyy3dzn0dxmm00000gn/T//ssh-lLQNPvmGSuo6/agent.773
# environment
JDK_HOME = /Users/ar4mirez/.asdf/installs/java/adoptopenjdk-jre-18.0.1+10
# automatic
%F = $(notdir $%)
# makefile (from `Makefile', line 18)
WORKING_DIR := /Users/ar4mirez/Library/CloudStorage/OneDrive-Cuemby/Code/github.com/cuemby/pulumi-equinix
# environment
PWD = /Users/ar4mirez/Library/CloudStorage/OneDrive-Cuemby/Code/github.com/cuemby/pulumi-equinix
# makefile (from `Makefile', line 10)
VERSION_PATH := provider/pkg/version.Version
# environment
HOMEBREW_CELLAR = /usr/local/Cellar
# environment
SSH_AGENT_PID = 775
# environment
ORIGINAL_XDG_CURRENT_DESKTOP = undefined
# environment
MANPATH = /usr/local/share/man:/usr/share/man:/usr/local/share/man:
# environment
GOMODCACHE = /Users/ar4mirez/go/pkg/mod
# environment
HOME = /Users/ar4mirez
# default
MAKEFILEPATH := /Applications/Xcode.app/Contents/Developer/Makefiles
# environment
VSCODE_CLI = 1
# environment
VSCODE_CODE_CACHE_PATH = /Users/ar4mirez/Library/Application Support/Code/CachedData/3b889b090b5ad5793f524b5d1d39fda662b96a2a
# environment
LOGNAME = ar4mirez
# environment
APPLICATION_INSIGHTS_NO_DIAGNOSTIC_CHANNEL = true
 
# environment
ZSH = /Users/ar4mirez/.oh-my-zsh
# environment
VSCODE_HANDLES_UNCAUGHT_ERRORS = true
# automatic
^D = $(patsubst %/,%,$(dir $^))
# environment
XPC_FLAGS = 0x0
# environment
COLORTERM = truecolor
# default
MAKE = $(MAKE_COMMAND)
# default
MAKECMDGOALS := all
# environment
SHLVL = 3
# environment
JAVA_HOME = /Users/ar4mirez/.asdf/installs/java/adoptopenjdk-jre-18.0.1+10
# default
MAKE_VERSION := 3.81
# environment
USER = ar4mirez
# environment
DO_TOKEN = dop_v1_507105d8ca6e5b92e1d70ee81ca61517130f6e9b2e858731ef46821ca97a9e8c
# makefile
.DEFAULT_GOAL := prepare
# makefile (from `Makefile', line 5)
ORG := cuemby
# environment
LESS = -R
# automatic
%D = $(patsubst %/,%,$(dir $%))
# default
MAKE_COMMAND := /Applications/Xcode.app/Contents/Developer/usr/bin/make
# default
.VARIABLES := 
# environment
TMPDIR = /var/folders/0n/5tn5yx453ggbyy3dzn0dxmm00000gn/T/
# automatic
*F = $(notdir $*)
# makefile (from `Makefile', line 20)
OS := Darwin
# environment
VSCODE_IPC_HOOK = /Users/ar4mirez/Library/Application Support/Code/1.69.2-main.sock
# environment
MallocNanoZone = 0
# makefile
MAKEFLAGS = Rrqp
# makefile (from `Makefile', line 7)
NODE_MODULE_NAME := @cuemby/equinix
# environment
MFLAGS = -Rrqp
# automatic
*D = $(patsubst %/,%,$(dir $*))
# environment
XPC_SERVICE_NAME = application.com.microsoft.VSCode.6997425.6997431.E6D39E26-1DB9-48BE-ADED-82E06FCFE1BE
# environment
HOMEBREW_PREFIX = /usr/local
# automatic
+D = $(patsubst %/,%,$(dir $+))
# automatic
+F = $(notdir $+)
# environment
HOMEBREW_REPOSITORY = /usr/local/Homebrew
# environment
__CF_USER_TEXT_ENCODING = 0x1F5:0x0:0x0
# environment
COMMAND_MODE = unix2003
# default
MAKEFILES := 
# environment
ZNT_CONFIG_DIR = /Users/ar4mirez/.config/znt
# automatic
<F = $(notdir $<)
# makefile (from `Makefile', line 1)
PROJECT_NAME := equinix Package
# environment
EDITOR = nvim
# environment
PAGER = less
# environment
LC_ALL = C
# makefile (from `Makefile', line 13)
PROVIDER := pulumi-resource-equinix
# makefile (from `Makefile', line 8)
TF_NAME := equinix
# automatic
^F = $(notdir $^)
# default
SUFFIXES := 
# environment
ASDF_DIR = /usr/local/opt/asdf/libexec
# default
.INCLUDE_DIRS = /usr/local/include
# environment
MAKELEVEL := 0
# environment
GPG_TTY = /dev/ttys000
# environment
LANG = C
# environment
TERM = xterm-256color
# environment
VSCODE_PID = 45160
# environment
STARSHIP_SHELL = zsh
# makefile (from `Makefile', line 4)
PACK := equinix
# variable set hash-table stats:
# Load=104/1024=10%, Rehash=0, Collisions=13/151=9%

# Pattern-specific Variable Values

# No pattern-specific variable values.

# Directories

# . (device 16777220, inode 7000232): 20 files, no impossibilities.
 

# 20 files, no impossibilities in 1 directories.

# Implicit Rules

# No implicit rules.

# Files

build_nodejs:: install_plugins tfgen
#  Phony target (prerequisite of .PHONY).
#  Implicit rule search has not been done.
#  File does not exist.
#  File has not been updated.
# makefile (from `Makefile', line 60)
# VERSION := v0.0.1-alpha.1658254098+fbbea5a6.dirty
# variable set hash-table stats:
# Load=1/32=3%, Rehash=0, Collisions=0/3=0%
#  commands to execute (from `Makefile', line 62):
	$(WORKING_DIR)/bin/$(TFGEN) nodejs --overlays provider/overlays/nodejs --out sdk/nodejs/
	cd sdk/nodejs/ && \
	yarn install && \
	yarn run tsc && \
	cp -R scripts/ bin && \
	cp ../../README.md ../../LICENSE package.json yarn.lock ./bin/ && \
	sed -i.bak -e "s/\$${VERSION}/$(VERSION)/g" ./bin/package.json
	

cleanup::
#  Phony target (prerequisite of .PHONY).
#  Implicit rule search has not been done.
#  File does not exist.
#  File has not been updated.
#  commands to execute (from `Makefile', line 96):
	rm -r $(WORKING_DIR)/bin
	rm -f provider/cmd/${PROVIDER}/schema.go
	

# Not a target:
all:
#  Command-line target.
#  Implicit rule search has been done.
#  File does not exist.
#  File has not been updated.
# variable set hash-table stats:
# Load=0/32=0%, Rehash=0, Collisions=0/0=0%

.PHONY: development provider build_sdks build_nodejs build_dotnet build_go build_python cleanup
#  Implicit rule search has not been done.
#  Modification time never checked.
#  File has not been updated.

install_nodejs_sdk::
#  Implicit rule search has not been done.
#  Modification time never checked.
#  File has not been updated.
#  commands to execute (from `Makefile', line 120):
	yarn link --cwd $(WORKING_DIR)/sdk/nodejs/bin
	

build_go:: install_plugins tfgen
 
#  Phony target (prerequisite of .PHONY).
#  Implicit rule search has not been done.
#  File does not exist.
#  File has not been updated.
#  commands to execute (from `Makefile', line 90):
	$(WORKING_DIR)/bin/$(TFGEN) go --overlays provider/overlays/go --out sdk/go/
	

# Not a target:
.SUFFIXES:
#  Implicit rule search has not been done.
#  Modification time never checked.
#  File has not been updated.

# Not a target:
Makefile:
#  Implicit rule search has been done.
#  Last modified 2022-07-19 14:22:19
#  File has been updated.
#  Successfully updated.
# variable set hash-table stats:
# Load=0/32=0%, Rehash=0, Collisions=0/0=0%

test::
#  Implicit rule search has not been done.
#  Modification time never checked.
#  File has not been updated.
#  commands to execute (from `Makefile', line 125):
	cd examples && go test -v -tags=all -parallel ${TESTPARALLELISM} -timeout 2h
	

tfgen:: install_plugins
#  Implicit rule search has not been done.
#  Modification time never checked.
#  File has not been updated.
#  commands to execute (from `Makefile', line 51):
	(cd provider && go build -o $(WORKING_DIR)/bin/${TFGEN} -ldflags "-X ${PROJECT}/${VERSION_PATH}=${VERSION}" ${PROJECT}/${PROVIDER_PATH}/cmd/${TFGEN})
	$(WORKING_DIR)/bin/${TFGEN} schema --out provider/cmd/${PROVIDER}
	(cd provider && VERSION=$(VERSION) go generate cmd/${PROVIDER}/main.go)
	

build_python:: install_plugins tfgen
#  Phony target (prerequisite of .PHONY).
#  Implicit rule search has not been done.
#  File does not exist.
#  File has not been updated.
# makefile (from `Makefile', line 70)
# PYPI_VERSION := 0.0.1a1658254098+dirty
# variable set hash-table stats:
# Load=1/32=3%, Rehash=0, Collisions=0/3=0%
#  commands to execute (from `Makefile', line 72):
	$(WORKING_DIR)/bin/$(TFGEN) python --overlays provider/overlays/python --out sdk/python/
	cd sdk/python/ && \
	cp ../../README.md . && \
	python3 setup.py clean --all 2>/dev/null && \
	rm -rf ./bin/ ../python.bin/ && cp -R . ../python.bin && mv ../python.bin ./bin && \
	sed -i.bak -e 's/^VERSION = .*/VERSION = "$(PYPI_VERSION)"/g' -e 's/^PLUGIN_VERSION = .*/PLUGIN_VERSION = "$(VERSION)"/g' ./bin/setup.py && \
	rm ./bin/setup.py.bak && \
	cd ./bin && python3 setup.py build sdist
	

build:: install_plugins provider build_sdks install_sdks
#  Implicit rule search has not been done.
#  Modification time never checked.
#  File has not been updated.

prepare::
#  Implicit rule search has not been done.
#  Modification time never checked.
#  File has not been updated.
#  commands to execute (from `Makefile', line 24):
	@if test -z "${NAME}"; then echo "NAME not set"; exit 1; fi
	@if test -z "${REPOSITORY}"; then echo "REPOSITORY not set"; exit 1; fi
	@if test ! -d "provider/cmd/pulumi-tfgen-x${EMPTY_TO_AVOID_SED}yz"; then "Project already prepared"; exit 1; fi
	mv "provider/cmd/pulumi-tfgen-x${EMPTY_TO_AVOID_SED}yz" provider/cmd/pulumi-tfgen-${NAME}
	mv "provider/cmd/pulumi-resource-x${EMPTY_TO_AVOID_SED}yz" provider/cmd/pulumi-resource-${NAME}
	if [[ "${OS}" != "Darwin" ]]; then \
	sed -i 's,github.com/pulumi/pulumi-equinix,${REPOSITORY},g' provider/go.mod; \
	find ./ ! -path './.git/*' -type f -exec sed -i 's/[x]yz/${NAME}/g' {} \; &> /dev/null; \
	fi
	# In MacOS the -i parameter needs an empty string to execute in place.
	if [[ "${OS}" == "Darwin" ]]; then \
	sed -i '' 's,github.com/pulumi/pulumi-equinix,${REPOSITORY},g' provider/go.mod; \
	find ./ ! -path './.git/*' -type f -exec sed -i '' 's/[x]yz/${NAME}/g' {} \; &> /dev/null; \
	fi
	

install_sdks:: install_dotnet_sdk install_python_sdk install_nodejs_sdk
#  Implicit rule search has not been done.
#  Modification time never checked.
#  File has not been updated.

install_go_sdk::
#  Implicit rule search has not been done.
#  Modification time never checked.
#  File has not been updated.

install_plugins::
#  Implicit rule search has not been done.
#  Modification time never checked.
#  File has not been updated.
 
#  commands to execute (from `Makefile', line 108):
	[ -x $(shell which pulumi) ] || curl -fsSL https://get.pulumi.com | sh
	pulumi plugin install resource random 4.3.1
	

lint_provider:: provider
#  Implicit rule search has not been done.
#  Modification time never checked.
#  File has not been updated.
#  commands to execute (from `Makefile', line 93):
	cd provider && golangci-lint run -c ../.golangci.yml
	

help::
#  Implicit rule search has not been done.
#  Modification time never checked.
#  File has not been updated.
#  commands to execute (from `Makefile', line 100):
	@grep '^[^.#]\+:\s\+.*#' Makefile | \
	sed "s/\(.\+\):\s*\(.*\) #\s*\(.*\)/`printf "\033[93m"`\1`printf "\033[0m"`	\3 [\2]/" | \
	expand -t20
	

development:: install_plugins provider lint_provider build_sdks install_sdks cleanup
#  Phony target (prerequisite of .PHONY).
#  Implicit rule search has not been done.
#  File does not exist.
#  File has not been updated.

install_python_sdk::
#  Implicit rule search has not been done.
#  Modification time never checked.
#  File has not been updated.

# Not a target:
.DEFAULT:
#  Implicit rule search has not been done.
#  Modification time never checked.
#  File has not been updated.

build_dotnet:: install_plugins tfgen
#  Phony target (prerequisite of .PHONY).
#  Implicit rule search has not been done.
#  File does not exist.
#  File has not been updated.
# makefile (from `Makefile', line 81)
# DOTNET_VERSION := 0.0.1-alpha.1658254098+fbbea5a6.dirty
# variable set hash-table stats:
# Load=1/32=3%, Rehash=0, Collisions=0/3=0%
#  commands to execute (from `Makefile', line 83):
	pulumictl get version --language dotnet
	$(WORKING_DIR)/bin/$(TFGEN) dotnet --overlays provider/overlays/dotnet --out sdk/dotnet/
	cd sdk/dotnet/ && \
	echo "${DOTNET_VERSION}" >version.txt && \
	dotnet build /p:Version=${DOTNET_VERSION}
	

provider:: tfgen install_plugins
#  Phony target (prerequisite of .PHONY).
#  Implicit rule search has not been done.
#  File does not exist.
#  File has not been updated.
#  commands to execute (from `Makefile', line 56):
	(cd provider && go build -o $(WORKING_DIR)/bin/${PROVIDER} -ldflags "-X ${PROJECT}/${VERSION_PATH}=${VERSION}" ${PROJECT}/${PROVIDER_PATH}/cmd/${PROVIDER})
	

clean::
#  Implicit rule search has not been done.
#  Modification time never checked.
#  File has not been updated.
#  commands to execute (from `Makefile', line 105):
	rm -rf sdk/{dotnet,nodejs,go,python}
	

only_build:: build
#  Implicit rule search has not been done.
#  Modification time never checked.
#  File has not been updated.

build_sdks:: install_plugins provider build_nodejs build_python build_go build_dotnet
#  Phony target (prerequisite of .PHONY).
#  Implicit rule search has not been done.
#  File does not exist.
#  File has not been updated.

install_dotnet_sdk::
#  Implicit rule search has not been done.
#  Modification time never checked.
#  File has not been updated.
#  commands to execute (from `Makefile', line 112):
	mkdir -p $(WORKING_DIR)/nuget
	find . -name '*.nupkg' -print -exec cp -p {} ${WORKING_DIR}/nuget \;
	

# files hash-table stats:
# Load=27/1024=3%, Rehash=0, Collisions=4/107=4%
# VPATH Search Paths

# No `vpath' search paths.

# No general (`VPATH' variable) search path.

# # of strings in strcache: 1
# # of strcache buffers: 1
# strcache size: total = 4096 / max = 4096 / min = 4096 / avg = 4096
# strcache free: total = 4087 / max = 4087 / min = 4087 / avg = 4087

# Finished Make data base on Tue Jul 19 17:18:39 2022

 
